生成启动时间为 2018/6/24 22:38:22。
     1>项目“C:\Users\dell\Documents\Visual Studio 2010\Projects\俄罗斯方块\俄罗斯方块\俄罗斯方块.vcxproj”在节点 2 上(build 个目标)。
     1>InitializeBuildStatus:
         正在创建“Debug\俄罗斯方块.unsuccessfulbuild”，因为已指定“AlwaysCreate”。
       ClCompile:
         C:\Program Files (x86)\Microsoft Visual Studio 10.0\VC\bin\CL.exe /c /ZI /nologo /W3 /WX- /Od /Oy- /D _UNICODE /D UNICODE /Gm /EHsc /RTC1 /MT /GS /fp:precise /Zc:wchar_t /Zc:forScope /Fo"Debug\\" /Fd"Debug\vc100.pdb" /Gd /TP /analyze- /errorReport:prompt main.cpp
         main.cpp
     1>c:\users\dell\documents\visual studio 2010\projects\俄罗斯方块\俄罗斯方块\main.cpp(52): warning C4996: 'kbhit': The POSIX name for this item is deprecated. Instead, use the ISO C++ conformant name: _kbhit. See online help for details.
                 c:\program files (x86)\microsoft visual studio 10.0\vc\include\conio.h(130) : 参见“kbhit”的声明
       Link:
         C:\Program Files (x86)\Microsoft Visual Studio 10.0\VC\bin\link.exe /ERRORREPORT:PROMPT /OUT:"C:\Users\dell\Documents\Visual Studio 2010\Projects\俄罗斯方块\Debug\俄罗斯方块.exe" /NOLOGO kernel32.lib user32.lib gdi32.lib winspool.lib comdlg32.lib advapi32.lib shell32.lib ole32.lib oleaut32.lib uuid.lib odbc32.lib odbccp32.lib /MANIFEST /ManifestFile:"Debug\俄罗斯方块.exe.intermediate.manifest" /MANIFESTUAC:"level='asInvoker' uiAccess='false'" /DEBUG /PDB:"C:\Users\dell\Documents\Visual Studio 2010\Projects\俄罗斯方块\Debug\俄罗斯方块.pdb" /TLBID:1 /DYNAMICBASE /NXCOMPAT /IMPLIB:"C:\Users\dell\Documents\Visual Studio 2010\Projects\俄罗斯方块\Debug\俄罗斯方块.lib" /MACHINE:X86 Debug\main.obj
         LINK : 没有找到 C:\Users\dell\Documents\Visual Studio 2010\Projects\俄罗斯方块\Debug\俄罗斯方块.exe 或上一个增量链接没有生成它；正在执行完全链接
         俄罗斯方块.vcxproj -> C:\Users\dell\Documents\Visual Studio 2010\Projects\俄罗斯方块\Debug\俄罗斯方块.exe
       Manifest:
         C:\Program Files (x86)\Microsoft SDKs\Windows\v7.0A\bin\mt.exe /nologo /verbose /outputresource:"C:\Users\dell\Documents\Visual Studio 2010\Projects\俄罗斯方块\Debug\俄罗斯方块.exe;#1" /manifest "Debug\俄罗斯方块.exe.intermediate.manifest"
       FinalizeBuildStatus:
         正在删除文件“Debug\俄罗斯方块.unsuccessfulbuild”。
         正在对“Debug\俄罗斯方块.lastbuildstate”执行 Touch 任务。
     1>已完成生成项目“C:\Users\dell\Documents\Visual Studio 2010\Projects\俄罗斯方块\俄罗斯方块\俄罗斯方块.vcxproj”(build 个目标)的操作。

生成成功。

已用时间 00:00:01.79
